2022-07-13 21:35:10,608 | INFO | telegram | FXL ROOM VIP Channel 
2022-07-13 21:35:10,609 | INFO | telegram | PriceError WarehouseDeals 
2022-07-13 21:35:10,609 | INFO | telegram | gruppo_test 
2022-07-13 21:35:10,609 | INFO | telegram | gruppo_test chat found. 
2022-07-13 21:35:12,652 | INFO | telegram | FXL ROOM VIP Channel 
2022-07-13 21:35:12,652 | INFO | telegram | PriceError WarehouseDeals 
2022-07-13 21:35:12,653 | INFO | telegram | gruppo_test 
2022-07-13 21:35:12,653 | INFO | telegram | channel_test_mio 
2022-07-13 21:35:12,653 | INFO | telegram | channel_test_mio chat found. 
2022-07-13 21:35:12,753 | INFO | telegram | Database connected 
2022-07-13 21:35:12,805 | INFO | telegram | Db name mongodb_pyrogram, collection names ['collezione_get'] 
2022-07-13 21:35:14,342 | INFO | telegram | Attempting to retrieve old previous messages from chat gruppo_test 
2022-07-13 21:35:14,859 | INFO | telegram | {} 
2022-07-13 21:35:14,859 | INFO | telegram | {} 
2022-07-13 21:35:14,860 | INFO | telegram | {} 
2022-07-13 21:35:14,860 | INFO | telegram | {} 
2022-07-13 21:35:14,860 | INFO | telegram | {} 
2022-07-13 21:35:14,860 | INFO | telegram | {} 
2022-07-13 21:35:14,860 | INFO | telegram | {} 
2022-07-13 21:35:14,860 | INFO | telegram | {} 
2022-07-13 21:35:14,860 | INFO | telegram | {} 
2022-07-13 21:35:14,861 | INFO | telegram | {} 
2022-07-13 21:35:14,861 | INFO | telegram | {} 
2022-07-13 21:35:14,861 | INFO | telegram | {} 
2022-07-13 21:35:14,861 | INFO | telegram | {} 
2022-07-13 21:35:14,861 | INFO | telegram | {} 
2022-07-13 21:35:14,861 | INFO | telegram | {} 
2022-07-13 21:35:14,861 | INFO | telegram | {} 
2022-07-13 21:35:14,862 | INFO | telegram | {} 
2022-07-13 21:35:14,862 | INFO | telegram | {} 
2022-07-13 21:35:14,862 | INFO | telegram | {} 
2022-07-13 21:35:14,862 | INFO | telegram | {} 
2022-07-13 21:35:14,862 | INFO | telegram | {} 
2022-07-13 21:35:14,862 | INFO | telegram | {} 
2022-07-13 21:35:14,862 | INFO | telegram | {} 
2022-07-13 21:35:14,863 | INFO | telegram | {} 
2022-07-13 21:35:14,863 | INFO | telegram | {} 
2022-07-13 21:35:14,863 | INFO | telegram | {} 
2022-07-13 21:35:14,863 | INFO | telegram | {} 
2022-07-13 21:35:14,863 | INFO | telegram | {} 
2022-07-13 21:35:14,863 | INFO | telegram | {} 
2022-07-13 21:35:14,863 | INFO | telegram | {} 
2022-07-13 21:35:14,864 | INFO | telegram | {} 
2022-07-13 21:35:14,864 | INFO | telegram | {} 
2022-07-13 21:35:14,864 | INFO | telegram | {} 
2022-07-13 21:35:14,864 | INFO | telegram | {} 
2022-07-13 21:35:14,864 | INFO | telegram | {} 
2022-07-13 21:35:14,864 | INFO | telegram | {} 
2022-07-13 21:35:14,864 | INFO | telegram | {} 
2022-07-13 21:35:14,865 | INFO | telegram | {} 
2022-07-13 21:35:14,865 | INFO | telegram | {} 
2022-07-13 21:35:14,865 | INFO | telegram | {} 
2022-07-13 21:35:14,865 | INFO | telegram | {} 
2022-07-13 21:35:14,865 | INFO | telegram | {} 
2022-07-13 21:35:14,865 | INFO | telegram | {} 
2022-07-13 21:35:14,866 | INFO | telegram | {} 
2022-07-13 21:35:14,866 | INFO | telegram | {} 
2022-07-13 21:35:14,866 | INFO | telegram | {} 
2022-07-13 21:35:14,866 | INFO | telegram | {} 
2022-07-13 21:35:14,866 | INFO | telegram | {} 
2022-07-13 21:35:14,866 | INFO | telegram | {} 
2022-07-13 21:35:14,867 | INFO | telegram | {} 
2022-07-13 21:35:14,867 | INFO | telegram | {} 
2022-07-13 21:35:14,867 | INFO | telegram | {} 
2022-07-13 21:35:14,867 | INFO | telegram | {} 
2022-07-13 21:35:14,867 | INFO | telegram | {} 
2022-07-13 21:35:14,868 | INFO | telegram | {} 
2022-07-13 21:35:14,868 | INFO | telegram | {} 
2022-07-13 21:35:14,868 | INFO | telegram | {} 
2022-07-13 21:35:14,868 | INFO | telegram | {} 
2022-07-13 21:35:14,868 | INFO | telegram | {} 
2022-07-13 21:35:14,868 | INFO | telegram | {} 
2022-07-13 21:35:14,869 | INFO | telegram | {} 
2022-07-13 21:35:14,869 | INFO | telegram | {} 
2022-07-13 21:35:14,869 | INFO | telegram | {} 
2022-07-13 21:35:14,869 | INFO | telegram | {} 
2022-07-13 21:35:14,869 | INFO | telegram | {} 
2022-07-13 21:35:14,869 | INFO | telegram | {} 
2022-07-13 21:35:14,870 | INFO | telegram | {} 
2022-07-13 21:35:14,870 | INFO | telegram | {} 
2022-07-13 21:35:14,870 | INFO | telegram | {} 
2022-07-13 21:35:14,870 | INFO | telegram | {} 
2022-07-13 21:35:14,870 | INFO | telegram | {} 
2022-07-13 21:35:14,871 | INFO | telegram | {} 
2022-07-13 21:35:14,871 | INFO | telegram | {} 
2022-07-13 21:35:14,871 | INFO | telegram | {} 
2022-07-13 21:35:14,871 | INFO | telegram | {} 
2022-07-13 21:35:14,871 | INFO | telegram | {} 
2022-07-13 21:35:14,871 | INFO | telegram | {} 
2022-07-13 21:35:14,872 | INFO | telegram | {} 
2022-07-13 21:35:14,872 | INFO | telegram | {} 
2022-07-13 21:35:14,872 | INFO | telegram | {} 
2022-07-13 21:35:14,872 | INFO | telegram | {} 
2022-07-13 21:35:14,872 | INFO | telegram | {} 
2022-07-13 21:35:14,873 | INFO | telegram | {} 
2022-07-13 21:35:14,873 | INFO | telegram | {} 
2022-07-13 21:35:14,873 | INFO | telegram | {} 
2022-07-13 21:35:14,873 | INFO | telegram | {} 
2022-07-13 21:35:14,873 | INFO | telegram | {} 
2022-07-13 21:35:14,873 | INFO | telegram | {} 
2022-07-13 21:35:14,874 | INFO | telegram | {} 
2022-07-13 21:35:14,874 | INFO | telegram | {} 
2022-07-13 21:35:14,874 | INFO | telegram | {} 
2022-07-13 21:35:14,874 | INFO | telegram | {} 
2022-07-13 21:35:14,874 | INFO | telegram | {} 
2022-07-13 21:35:14,874 | INFO | telegram | {} 
2022-07-13 21:35:14,875 | INFO | telegram | {} 
2022-07-13 21:35:14,875 | INFO | telegram | {} 
2022-07-13 21:35:14,875 | INFO | telegram | {} 
2022-07-13 21:35:14,875 | INFO | telegram | {} 
2022-07-13 21:35:14,875 | INFO | telegram | {} 
2022-07-13 21:35:14,875 | INFO | telegram | {} 
2022-07-13 21:35:15,003 | INFO | telegram | {} 
2022-07-13 21:35:15,004 | INFO | telegram | {} 
2022-07-13 21:35:15,004 | INFO | telegram | {} 
2022-07-13 21:35:15,005 | INFO | telegram | {} 
2022-07-13 21:35:15,005 | INFO | telegram | {} 
2022-07-13 21:35:15,005 | INFO | telegram | {} 
2022-07-13 21:35:15,005 | INFO | telegram | {} 
2022-07-13 21:35:15,006 | INFO | telegram | {} 
2022-07-13 21:35:15,006 | INFO | telegram | {} 
2022-07-13 21:35:15,007 | INFO | telegram | {} 
2022-07-13 21:35:15,007 | INFO | telegram | {} 
2022-07-13 21:35:15,007 | INFO | telegram | {} 
2022-07-13 21:35:15,007 | INFO | telegram | {} 
2022-07-13 21:35:15,008 | INFO | telegram | {} 
2022-07-13 21:35:15,008 | INFO | telegram | {} 
2022-07-13 21:35:15,008 | INFO | telegram | {} 
2022-07-13 21:35:15,009 | INFO | telegram | {} 
2022-07-13 21:35:15,009 | INFO | telegram | {} 
2022-07-13 21:35:15,009 | INFO | telegram | {} 
2022-07-13 21:35:15,127 | INFO | telegram | Plugin modules to load: ['count', 'forward', 'get_symb_ignore', 'github', 'help', 'join', 'ping_speed', 'system_stats', 'whois', 'zipfile'] 
2022-07-13 21:35:15,128 | INFO | telegram | Utils modules no bot to load: ['utils_no'] 
