2022-07-14 19:34:54,823 | INFO | telegram | FXL ROOM VIP Channel 
2022-07-14 19:34:54,823 | INFO | telegram | PriceError WarehouseDeals 
2022-07-14 19:34:54,823 | INFO | telegram | gruppo_test 
2022-07-14 19:34:54,823 | INFO | telegram | gruppo_test chat found. 
2022-07-14 19:34:56,126 | INFO | telegram | FXL ROOM VIP Channel 
2022-07-14 19:34:56,128 | INFO | telegram | PriceError WarehouseDeals 
2022-07-14 19:34:56,128 | INFO | telegram | gruppo_test 
2022-07-14 19:34:56,128 | INFO | telegram | channel_test_mio 
2022-07-14 19:34:56,128 | INFO | telegram | channel_test_mio chat found. 
2022-07-14 19:34:56,165 | INFO | telegram | Database connected 
2022-07-14 19:34:56,173 | INFO | telegram | Db name mongodb_pyrogram, collection names ['collezione_get'] 
2022-07-14 19:34:56,789 | INFO | telegram | Attempting to retrieve old previous messages from chat gruppo_test 
2022-07-14 19:34:57,098 | INFO | telegram | {
    "_": "Message",
    "id": 212,
    "sender_chat": {
        "_": "Chat",
        "id": -1001624457188,
        "type": "ChatType.CHANNEL",
        "is_verified": false,
        "is_restricted": false,
        "is_creator": true,
        "is_scam": false,
        "is_fake": false,
        "title": "gruppo_test",
        "has_protected_content": false
    },
    "date": "2022-07-14 01:38:30",
    "chat": {
        "_": "Chat",
        "id": -1001624457188,
        "type": "ChatType.CHANNEL",
        "is_verified": false,
        "is_restricted": false,
        "is_creator": true,
        "is_scam": false,
        "is_fake": false,
        "title": "gruppo_test",
        "has_protected_content": false
    },
    "mentioned": false,
    "scheduled": false,
    "from_scheduled": false,
    "media": "MessageMediaType.STICKER",
    "has_protected_content": false,
    "sticker": {
        "_": "Sticker",
        "file_id": "CAACAgIAAx0EYNM_5AAD1GLQU8Dbfq8k2rQDwdaR453sG4q5AALFAwACnNbnClsqgl__YWWaHgQ",
        "file_unique_id": "AgADxQMAApzW5wo",
        "file_name": "sticker.webp",
        "mime_type": "image/webp",
        "file_size": 64332,
        "date": "2018-12-11 13:19:58",
        "width": 512,
        "height": 512,
        "is_animated": false,
        "is_video": false,
        "emoji": "😂",
        "set_name": "MrSnoopDogg",
        "thumbs": [
            {
                "_": "Thumbnail",
                "file_id": "AAMCAgADHQRg0z_kAAPUYtBTwNt-ryTatAPB1pHjnewbirkAAsUDAAKc1ucKWyqCX_9hZZoACAEAB20ABx4E",
                "file_unique_id": "AgADxQMAApzW5wo",
                "width": 128,
                "height": 128,
                "file_size": 7650
            }
        ]
    },
    "views": 1,
    "outgoing": true
} 
2022-07-14 19:34:57,099 | INFO | telegram | Value type: <class 'pyrogram.client.Client'> Value: <pyrogram.client.Client object at 0x00000234CAE41100>, Key type: <class 'str'>, Key val _client 
2022-07-14 19:34:57,099 | INFO | telegram | Value type: <class 'int'> Value: 212, Key type: <class 'str'>, Key val id 
2022-07-14 19:34:57,099 | INFO | telegram | Value type: <class 'NoneType'> Value: None, Key type: <class 'str'>, Key val from_user 
2022-07-14 19:34:57,100 | INFO | telegram | Value type: <class 'pyrogram.types.user_and_chats.chat.Chat'> Value: {
    "_": "Chat",
    "id": -1001624457188,
    "type": "ChatType.CHANNEL",
    "is_verified": false,
    "is_restricted": false,
    "is_creator": true,
    "is_scam": false,
    "is_fake": false,
    "title": "gruppo_test",
    "has_protected_content": false
}, Key type: <class 'str'>, Key val sender_chat 
2022-07-14 19:34:57,100 | INFO | telegram | Value type: <class 'datetime.datetime'> Value: 2022-07-14 01:38:30, Key type: <class 'str'>, Key val date 
2022-07-14 19:34:57,100 | INFO | telegram | Value type: <class 'pyrogram.types.user_and_chats.chat.Chat'> Value: {
    "_": "Chat",
    "id": -1001624457188,
    "type": "ChatType.CHANNEL",
    "is_verified": false,
    "is_restricted": false,
    "is_creator": true,
    "is_scam": false,
    "is_fake": false,
    "title": "gruppo_test",
    "has_protected_content": false
}, Key type: <class 'str'>, Key val chat 
2022-07-14 19:34:57,100 | INFO | telegram | Value type: <class 'NoneType'> Value: None, Key type: <class 'str'>, Key val forward_from 
2022-07-14 19:34:57,100 | INFO | telegram | Value type: <class 'NoneType'> Value: None, Key type: <class 'str'>, Key val forward_sender_name 
2022-07-14 19:34:57,100 | INFO | telegram | Value type: <class 'NoneType'> Value: None, Key type: <class 'str'>, Key val forward_from_chat 
2022-07-14 19:34:57,100 | INFO | telegram | Value type: <class 'NoneType'> Value: None, Key type: <class 'str'>, Key val forward_from_message_id 
2022-07-14 19:34:57,100 | INFO | telegram | Value type: <class 'NoneType'> Value: None, Key type: <class 'str'>, Key val forward_signature 
2022-07-14 19:34:57,100 | INFO | telegram | Value type: <class 'NoneType'> Value: None, Key type: <class 'str'>, Key val forward_date 
2022-07-14 19:34:57,100 | INFO | telegram | Value type: <class 'NoneType'> Value: None, Key type: <class 'str'>, Key val reply_to_message_id 
2022-07-14 19:34:57,100 | INFO | telegram | Value type: <class 'NoneType'> Value: None, Key type: <class 'str'>, Key val reply_to_top_message_id 
2022-07-14 19:34:57,100 | INFO | telegram | Value type: <class 'NoneType'> Value: None, Key type: <class 'str'>, Key val reply_to_message 
2022-07-14 19:34:57,101 | INFO | telegram | Value type: <class 'bool'> Value: False, Key type: <class 'str'>, Key val mentioned 
2022-07-14 19:34:57,101 | INFO | telegram | Value type: <class 'NoneType'> Value: None, Key type: <class 'str'>, Key val empty 
2022-07-14 19:34:57,101 | INFO | telegram | Value type: <class 'NoneType'> Value: None, Key type: <class 'str'>, Key val service 
2022-07-14 19:34:57,101 | INFO | telegram | Value type: <class 'bool'> Value: False, Key type: <class 'str'>, Key val scheduled 
2022-07-14 19:34:57,101 | INFO | telegram | Value type: <class 'bool'> Value: False, Key type: <class 'str'>, Key val from_scheduled 
2022-07-14 19:34:57,101 | INFO | telegram | Value type: <enum 'MessageMediaType'> Value: MessageMediaType.STICKER, Key type: <class 'str'>, Key val media 
2022-07-14 19:34:57,101 | INFO | telegram | Value type: <class 'NoneType'> Value: None, Key type: <class 'str'>, Key val edit_date 
2022-07-14 19:34:57,101 | INFO | telegram | Value type: <class 'NoneType'> Value: None, Key type: <class 'str'>, Key val media_group_id 
2022-07-14 19:34:57,101 | INFO | telegram | Value type: <class 'NoneType'> Value: None, Key type: <class 'str'>, Key val author_signature 
2022-07-14 19:34:57,101 | INFO | telegram | Value type: <class 'bool'> Value: False, Key type: <class 'str'>, Key val has_protected_content 
2022-07-14 19:34:57,101 | INFO | telegram | Value type: <class 'NoneType'> Value: None, Key type: <class 'str'>, Key val text 
2022-07-14 19:34:57,101 | INFO | telegram | Value type: <class 'NoneType'> Value: None, Key type: <class 'str'>, Key val entities 
2022-07-14 19:34:57,101 | INFO | telegram | Value type: <class 'NoneType'> Value: None, Key type: <class 'str'>, Key val caption_entities 
2022-07-14 19:34:57,101 | INFO | telegram | Value type: <class 'NoneType'> Value: None, Key type: <class 'str'>, Key val audio 
2022-07-14 19:34:57,101 | INFO | telegram | Value type: <class 'NoneType'> Value: None, Key type: <class 'str'>, Key val document 
2022-07-14 19:34:57,102 | INFO | telegram | Value type: <class 'NoneType'> Value: None, Key type: <class 'str'>, Key val photo 
2022-07-14 19:34:57,102 | INFO | telegram | Value type: <class 'pyrogram.types.messages_and_media.sticker.Sticker'> Value: {
    "_": "Sticker",
    "file_id": "CAACAgIAAx0EYNM_5AAD1GLQU8Dbfq8k2rQDwdaR453sG4q5AALFAwACnNbnClsqgl__YWWaHgQ",
    "file_unique_id": "AgADxQMAApzW5wo",
    "file_name": "sticker.webp",
    "mime_type": "image/webp",
    "file_size": 64332,
    "date": "2018-12-11 13:19:58",
    "width": 512,
    "height": 512,
    "is_animated": false,
    "is_video": false,
    "emoji": "😂",
    "set_name": "MrSnoopDogg",
    "thumbs": [
        {
            "_": "Thumbnail",
            "file_id": "AAMCAgADHQRg0z_kAAPUYtBTwNt-ryTatAPB1pHjnewbirkAAsUDAAKc1ucKWyqCX_9hZZoACAEAB20ABx4E",
            "file_unique_id": "AgADxQMAApzW5wo",
            "width": 128,
            "height": 128,
            "file_size": 7650
        }
    ]
}, Key type: <class 'str'>, Key val sticker 
2022-07-14 19:34:57,103 | INFO | telegram | Value type: <class 'NoneType'> Value: None, Key type: <class 'str'>, Key val animation 
2022-07-14 19:34:57,103 | INFO | telegram | Value type: <class 'NoneType'> Value: None, Key type: <class 'str'>, Key val game 
2022-07-14 19:34:57,103 | INFO | telegram | Value type: <class 'NoneType'> Value: None, Key type: <class 'str'>, Key val video 
2022-07-14 19:34:57,103 | INFO | telegram | Value type: <class 'NoneType'> Value: None, Key type: <class 'str'>, Key val voice 
2022-07-14 19:34:57,103 | INFO | telegram | Value type: <class 'NoneType'> Value: None, Key type: <class 'str'>, Key val video_note 
2022-07-14 19:34:57,103 | INFO | telegram | Value type: <class 'NoneType'> Value: None, Key type: <class 'str'>, Key val caption 
2022-07-14 19:34:57,103 | INFO | telegram | Value type: <class 'NoneType'> Value: None, Key type: <class 'str'>, Key val contact 
2022-07-14 19:34:57,103 | INFO | telegram | Value type: <class 'NoneType'> Value: None, Key type: <class 'str'>, Key val location 
2022-07-14 19:34:57,103 | INFO | telegram | Value type: <class 'NoneType'> Value: None, Key type: <class 'str'>, Key val venue 
2022-07-14 19:34:57,103 | INFO | telegram | Value type: <class 'NoneType'> Value: None, Key type: <class 'str'>, Key val web_page 
2022-07-14 19:34:57,103 | INFO | telegram | Value type: <class 'NoneType'> Value: None, Key type: <class 'str'>, Key val poll 
2022-07-14 19:34:57,103 | INFO | telegram | Value type: <class 'NoneType'> Value: None, Key type: <class 'str'>, Key val dice 
2022-07-14 19:34:57,103 | INFO | telegram | Value type: <class 'NoneType'> Value: None, Key type: <class 'str'>, Key val new_chat_members 
2022-07-14 19:34:57,104 | INFO | telegram | Value type: <class 'NoneType'> Value: None, Key type: <class 'str'>, Key val left_chat_member 
2022-07-14 19:34:57,104 | INFO | telegram | Value type: <class 'NoneType'> Value: None, Key type: <class 'str'>, Key val new_chat_title 
2022-07-14 19:34:57,104 | INFO | telegram | Value type: <class 'NoneType'> Value: None, Key type: <class 'str'>, Key val new_chat_photo 
2022-07-14 19:34:57,104 | INFO | telegram | Value type: <class 'NoneType'> Value: None, Key type: <class 'str'>, Key val delete_chat_photo 
2022-07-14 19:34:57,104 | INFO | telegram | Value type: <class 'NoneType'> Value: None, Key type: <class 'str'>, Key val group_chat_created 
2022-07-14 19:34:57,104 | INFO | telegram | Value type: <class 'NoneType'> Value: None, Key type: <class 'str'>, Key val supergroup_chat_created 
2022-07-14 19:34:57,104 | INFO | telegram | Value type: <class 'NoneType'> Value: None, Key type: <class 'str'>, Key val channel_chat_created 
2022-07-14 19:34:57,104 | INFO | telegram | Value type: <class 'NoneType'> Value: None, Key type: <class 'str'>, Key val migrate_to_chat_id 
2022-07-14 19:34:57,104 | INFO | telegram | Value type: <class 'NoneType'> Value: None, Key type: <class 'str'>, Key val migrate_from_chat_id 
2022-07-14 19:34:57,104 | INFO | telegram | Value type: <class 'NoneType'> Value: None, Key type: <class 'str'>, Key val pinned_message 
2022-07-14 19:34:57,104 | INFO | telegram | Value type: <class 'NoneType'> Value: None, Key type: <class 'str'>, Key val game_high_score 
2022-07-14 19:34:57,104 | INFO | telegram | Value type: <class 'int'> Value: 1, Key type: <class 'str'>, Key val views 
2022-07-14 19:34:57,104 | INFO | telegram | Value type: <class 'NoneType'> Value: None, Key type: <class 'str'>, Key val via_bot 
2022-07-14 19:34:57,105 | INFO | telegram | Value type: <class 'bool'> Value: True, Key type: <class 'str'>, Key val outgoing 
2022-07-14 19:34:57,105 | INFO | telegram | Value type: <class 'NoneType'> Value: None, Key type: <class 'str'>, Key val matches 
2022-07-14 19:34:57,105 | INFO | telegram | Value type: <class 'NoneType'> Value: None, Key type: <class 'str'>, Key val command 
2022-07-14 19:34:57,105 | INFO | telegram | Value type: <class 'NoneType'> Value: None, Key type: <class 'str'>, Key val reply_markup 
2022-07-14 19:34:57,105 | INFO | telegram | Value type: <class 'NoneType'> Value: None, Key type: <class 'str'>, Key val video_chat_scheduled 
2022-07-14 19:34:57,107 | INFO | telegram | Value type: <class 'NoneType'> Value: None, Key type: <class 'str'>, Key val video_chat_started 
2022-07-14 19:34:57,107 | INFO | telegram | Value type: <class 'NoneType'> Value: None, Key type: <class 'str'>, Key val video_chat_ended 
2022-07-14 19:34:57,107 | INFO | telegram | Value type: <class 'NoneType'> Value: None, Key type: <class 'str'>, Key val video_chat_members_invited 
2022-07-14 19:34:57,107 | INFO | telegram | Value type: <class 'NoneType'> Value: None, Key type: <class 'str'>, Key val web_app_data 
2022-07-14 19:34:57,107 | INFO | telegram | Value type: <class 'NoneType'> Value: None, Key type: <class 'str'>, Key val reactions 
2022-07-14 19:34:57,107 | INFO | telegram | {'_client': <pyrogram.client.Client object at 0x00000234CAE41100>, 'id': -1001624457188, 'from_user': None, 'type': pyrogram.enums.ChatType.CHANNEL, 'is_verified': False, 'is_restricted': False, 'is_creator': True, 'is_scam': False, 'is_fake': False, 'is_support': None, 'title': 'gruppo_test', 'username': None, 'first_name': None, 'last_name': None, 'photo': None, 'bio': None, 'description': None, 'dc_id': None, 'has_protected_content': False, 'invite_link': None, 'pinned_message': None, 'sticker_set_name': None, 'can_set_sticker_set': None, 'members_count': None, 'restrictions': None, 'permissions': None, 'distance': None, 'linked_chat': None, 'send_as_chat': None, 'available_reactions': None, 'date': datetime.datetime(2018, 12, 11, 13, 19, 58), 'forward_from': None, 'forward_sender_name': None, 'forward_from_chat': None, 'forward_from_message_id': None, 'forward_signature': None, 'forward_date': None, 'reply_to_message_id': None, 'reply_to_top_message_id': None, 'reply_to_message': None, 'mentioned': False, 'empty': None, 'service': None, 'scheduled': False, 'from_scheduled': False, 'media': pyrogram.enums.MessageMediaType.STICKER, 'edit_date': None, 'media_group_id': None, 'author_signature': None, 'text': None, 'entities': None, 'caption_entities': None, 'audio': None, 'document': None, 'file_id': 'CAACAgIAAx0EYNM_5AAD1GLQU8Dbfq8k2rQDwdaR453sG4q5AALFAwACnNbnClsqgl__YWWaHgQ', 'file_unique_id': 'AgADxQMAApzW5wo', 'file_name': 'sticker.webp', 'mime_type': 'image/webp', 'file_size': 64332, 'width': 512, 'height': 512, 'is_animated': False, 'is_video': False, 'emoji': '😂', 'set_name': 'MrSnoopDogg', 'thumbs': [pyrogram.types.Thumbnail(file_id='AAMCAgADHQRg0z_kAAPUYtBTwNt-ryTatAPB1pHjnewbirkAAsUDAAKc1ucKWyqCX_9hZZoACAEAB20ABx4E', file_unique_id='AgADxQMAApzW5wo', width=128, height=128, file_size=7650)], 'animation': None, 'game': None, 'video': None, 'voice': None, 'video_note': None, 'caption': None, 'contact': None, 'location': None, 'venue': None, 'web_page': None, 'poll': None, 'dice': None, 'new_chat_members': None, 'left_chat_member': None, 'new_chat_title': None, 'new_chat_photo': None, 'delete_chat_photo': None, 'group_chat_created': None, 'supergroup_chat_created': None, 'channel_chat_created': None, 'migrate_to_chat_id': None, 'migrate_from_chat_id': None, 'game_high_score': None, 'views': 1, 'via_bot': None, 'outgoing': True, 'matches': None, 'command': None, 'reply_markup': None, 'video_chat_scheduled': None, 'video_chat_started': None, 'video_chat_ended': None, 'video_chat_members_invited': None, 'web_app_data': None, 'reactions': None} 
2022-07-14 19:34:57,107 | INFO | telegram | (<class 'pyrogram.client.Client'>, <class 'pyrogram.methods.Methods'>, <class 'pyrogram.methods.advanced.Advanced'>, <class 'pyrogram.methods.advanced.invoke.Invoke'>, <class 'pyrogram.methods.advanced.resolve_peer.ResolvePeer'>, <class 'pyrogram.methods.advanced.save_file.SaveFile'>, <class 'pyrogram.methods.auth.Auth'>, <class 'pyrogram.methods.auth.accept_terms_of_service.AcceptTermsOfService'>, <class 'pyrogram.methods.auth.check_password.CheckPassword'>, <class 'pyrogram.methods.auth.connect.Connect'>, <class 'pyrogram.methods.auth.disconnect.Disconnect'>, <class 'pyrogram.methods.auth.get_password_hint.GetPasswordHint'>, <class 'pyrogram.methods.auth.initialize.Initialize'>, <class 'pyrogram.methods.auth.log_out.LogOut'>, <class 'pyrogram.methods.auth.recover_password.RecoverPassword'>, <class 'pyrogram.methods.auth.resend_code.ResendCode'>, <class 'pyrogram.methods.auth.send_code.SendCode'>, <class 'pyrogram.methods.auth.send_recovery_code.SendRecoveryCode'>, <class 'pyrogram.methods.auth.sign_in.SignIn'>, <class 'pyrogram.methods.auth.sign_in_bot.SignInBot'>, <class 'pyrogram.methods.auth.sign_up.SignUp'>, <class 'pyrogram.methods.auth.terminate.Terminate'>, <class 'pyrogram.methods.bots.Bots'>, <class 'pyrogram.methods.bots.answer_callback_query.AnswerCallbackQuery'>, <class 'pyrogram.methods.bots.answer_inline_query.AnswerInlineQuery'>, <class 'pyrogram.methods.bots.get_inline_bot_results.GetInlineBotResults'>, <class 'pyrogram.methods.bots.request_callback_answer.RequestCallbackAnswer'>, <class 'pyrogram.methods.bots.send_inline_bot_result.SendInlineBotResult'>, <class 'pyrogram.methods.bots.send_game.SendGame'>, <class 'pyrogram.methods.bots.set_game_score.SetGameScore'>, <class 'pyrogram.methods.bots.get_game_high_scores.GetGameHighScores'>, <class 'pyrogram.methods.bots.set_bot_commands.SetBotCommands'>, <class 'pyrogram.methods.bots.get_bot_commands.GetBotCommands'>, <class 'pyrogram.methods.bots.delete_bot_commands.DeleteBotCommands'>, <class 'pyrogram.methods.bots.set_bot_default_privileges.SetBotDefaultPrivileges'>, <class 'pyrogram.methods.bots.get_bot_default_privileges.GetBotDefaultPrivileges'>, <class 'pyrogram.methods.bots.set_chat_menu_button.SetChatMenuButton'>, <class 'pyrogram.methods.bots.get_chat_menu_button.GetChatMenuButton'>, <class 'pyrogram.methods.bots.answer_web_app_query.AnswerWebAppQuery'>, <class 'pyrogram.methods.contacts.Contacts'>, <class 'pyrogram.methods.contacts.get_contacts.GetContacts'>, <class 'pyrogram.methods.contacts.delete_contacts.DeleteContacts'>, <class 'pyrogram.methods.contacts.import_contacts.ImportContacts'>, <class 'pyrogram.methods.contacts.get_contacts_count.GetContactsCount'>, <class 'pyrogram.methods.contacts.add_contact.AddContact'>, <class 'pyrogram.methods.password.Password'>, <class 'pyrogram.methods.password.remove_cloud_password.RemoveCloudPassword'>, <class 'pyrogram.methods.password.change_cloud_password.ChangeCloudPassword'>, <class 'pyrogram.methods.password.enable_cloud_password.EnableCloudPassword'>, <class 'pyrogram.methods.chats.Chats'>, <class 'pyrogram.methods.chats.get_chat.GetChat'>, <class 'pyrogram.methods.chats.leave_chat.LeaveChat'>, <class 'pyrogram.methods.chats.join_chat.JoinChat'>, <class 'pyrogram.methods.chats.ban_chat_member.BanChatMember'>, <class 'pyrogram.methods.chats.unban_chat_member.UnbanChatMember'>, <class 'pyrogram.methods.chats.restrict_chat_member.RestrictChatMember'>, <class 'pyrogram.methods.chats.promote_chat_member.PromoteChatMember'>, <class 'pyrogram.methods.chats.get_chat_members.GetChatMembers'>, <class 'pyrogram.methods.chats.get_chat_member.GetChatMember'>, <class 'pyrogram.methods.chats.set_chat_photo.SetChatPhoto'>, <class 'pyrogram.methods.chats.delete_chat_photo.DeleteChatPhoto'>, <class 'pyrogram.methods.chats.set_chat_title.SetChatTitle'>, <class 'pyrogram.methods.chats.set_chat_description.SetChatDescription'>, <class 'pyrogram.methods.chats.pin_chat_message.PinChatMessage'>, <class 'pyrogram.methods.chats.unpin_chat_message.UnpinChatMessage'>, <class 'pyrogram.methods.chats.get_dialogs.GetDialogs'>, <class 'pyrogram.methods.chats.get_chat_members_count.GetChatMembersCount'>, <class 'pyrogram.methods.chats.set_chat_username.SetChatUsername'>, <class 'pyrogram.methods.chats.set_chat_permissions.SetChatPermissions'>, <class 'pyrogram.methods.chats.get_dialogs_count.GetDialogsCount'>, <class 'pyrogram.methods.chats.archive_chats.ArchiveChats'>, <class 'pyrogram.methods.chats.unarchive_chats.UnarchiveChats'>, <class 'pyrogram.methods.chats.create_group.CreateGroup'>, <class 'pyrogram.methods.chats.create_supergroup.CreateSupergroup'>, <class 'pyrogram.methods.chats.create_channel.CreateChannel'>, <class 'pyrogram.methods.chats.add_chat_members.AddChatMembers'>, <class 'pyrogram.methods.chats.delete_channel.DeleteChannel'>, <class 'pyrogram.methods.chats.delete_supergroup.DeleteSupergroup'>, <class 'pyrogram.methods.chats.get_nearby_chats.GetNearbyChats'>, <class 'pyrogram.methods.chats.set_administrator_title.SetAdministratorTitle'>, <class 'pyrogram.methods.chats.set_slow_mode.SetSlowMode'>, <class 'pyrogram.methods.chats.delete_user_history.DeleteUserHistory'>, <class 'pyrogram.methods.chats.unpin_all_chat_messages.UnpinAllChatMessages'>, <class 'pyrogram.methods.chats.mark_chat_unread.MarkChatUnread'>, <class 'pyrogram.methods.chats.get_chat_event_log.GetChatEventLog'>, <class 'pyrogram.methods.chats.get_chat_online_count.GetChatOnlineCount'>, <class 'pyrogram.methods.chats.get_send_as_chats.GetSendAsChats'>, <class 'pyrogram.methods.chats.set_send_as_chat.SetSendAsChat'>, <class 'pyrogram.methods.chats.set_chat_protected_content.SetChatProtectedContent'>, <class 'pyrogram.methods.users.Users'>, <class 'pyrogram.methods.users.block_user.BlockUser'>, <class 'pyrogram.methods.users.get_common_chats.GetCommonChats'>, <class 'pyrogram.methods.users.get_chat_photos.GetChatPhotos'>, <class 'pyrogram.methods.users.set_profile_photo.SetProfilePhoto'>, <class 'pyrogram.methods.users.delete_profile_photos.DeleteProfilePhotos'>, <class 'pyrogram.methods.users.get_users.GetUsers'>, <class 'pyrogram.methods.users.get_me.GetMe'>, <class 'pyrogram.methods.users.set_username.SetUsername'>, <class 'pyrogram.methods.users.get_chat_photos_count.GetChatPhotosCount'>, <class 'pyrogram.methods.users.unblock_user.UnblockUser'>, <class 'pyrogram.methods.users.update_profile.UpdateProfile'>, <class 'pyrogram.methods.messages.Messages'>, <class 'pyrogram.methods.messages.delete_messages.DeleteMessages'>, <class 'pyrogram.methods.messages.edit_message_caption.EditMessageCaption'>, <class 'pyrogram.methods.messages.edit_message_reply_markup.EditMessageReplyMarkup'>, <class 'pyrogram.methods.messages.edit_message_media.EditMessageMedia'>, <class 'pyrogram.methods.messages.edit_message_text.EditMessageText'>, <class 'pyrogram.methods.messages.forward_messages.ForwardMessages'>, <class 'pyrogram.methods.messages.get_media_group.GetMediaGroup'>, <class 'pyrogram.methods.messages.get_messages.GetMessages'>, <class 'pyrogram.methods.messages.send_audio.SendAudio'>, <class 'pyrogram.methods.messages.send_chat_action.SendChatAction'>, <class 'pyrogram.methods.messages.send_contact.SendContact'>, <class 'pyrogram.methods.messages.send_document.SendDocument'>, <class 'pyrogram.methods.messages.send_animation.SendAnimation'>, <class 'pyrogram.methods.messages.send_location.SendLocation'>, <class 'pyrogram.methods.messages.send_media_group.SendMediaGroup'>, <class 'pyrogram.methods.messages.send_message.SendMessage'>, <class 'pyrogram.methods.messages.send_photo.SendPhoto'>, <class 'pyrogram.methods.messages.send_sticker.SendSticker'>, <class 'pyrogram.methods.messages.send_venue.SendVenue'>, <class 'pyrogram.methods.messages.send_video.SendVideo'>, <class 'pyrogram.methods.messages.send_video_note.SendVideoNote'>, <class 'pyrogram.methods.messages.send_voice.SendVoice'>, <class 'pyrogram.methods.messages.send_poll.SendPoll'>, <class 'pyrogram.methods.messages.vote_poll.VotePoll'>, <class 'pyrogram.methods.messages.stop_poll.StopPoll'>, <class 'pyrogram.methods.messages.retract_vote.RetractVote'>, <class 'pyrogram.methods.messages.download_media.DownloadMedia'>, <class 'pyrogram.methods.messages.get_chat_history.GetChatHistory'>, <class 'pyrogram.methods.messages.send_cached_media.SendCachedMedia'>, <class 'pyrogram.methods.messages.get_chat_history_count.GetChatHistoryCount'>, <class 'pyrogram.methods.messages.read_chat_history.ReadChatHistory'>, <class 'pyrogram.methods.messages.edit_inline_text.EditInlineText'>, <class 'pyrogram.methods.messages.edit_inline_caption.EditInlineCaption'>, <class 'pyrogram.methods.messages.edit_inline_media.EditInlineMedia'>, <class 'pyrogram.methods.messages.edit_inline_reply_markup.EditInlineReplyMarkup'>, <class 'pyrogram.methods.messages.send_dice.SendDice'>, <class 'pyrogram.methods.messages.search_messages.SearchMessages'>, <class 'pyrogram.methods.messages.search_global.SearchGlobal'>, <class 'pyrogram.methods.messages.copy_message.CopyMessage'>, <class 'pyrogram.methods.messages.copy_media_group.CopyMediaGroup'>, <class 'pyrogram.methods.messages.search_messages_count.SearchMessagesCount'>, <class 'pyrogram.methods.messages.search_global_count.SearchGlobalCount'>, <class 'pyrogram.methods.messages.get_discussion_message.GetDiscussionMessage'>, <class 'pyrogram.methods.messages.send_reaction.SendReaction'>, <class 'pyrogram.methods.messages.get_discussion_replies.GetDiscussionReplies'>, <class 'pyrogram.methods.messages.get_discussion_replies_count.GetDiscussionRepliesCount'>, <class 'pyrogram.methods.messages.stream_media.StreamMedia'>, <class 'pyrogram.methods.decorators.Decorators'>, <class 'pyrogram.methods.decorators.on_message.OnMessage'>, <class 'pyrogram.methods.decorators.on_edited_message.OnEditedMessage'>, <class 'pyrogram.methods.decorators.on_deleted_messages.OnDeletedMessages'>, <class 'pyrogram.methods.decorators.on_callback_query.OnCallbackQuery'>, <class 'pyrogram.methods.decorators.on_raw_update.OnRawUpdate'>, <class 'pyrogram.methods.decorators.on_disconnect.OnDisconnect'>, <class 'pyrogram.methods.decorators.on_user_status.OnUserStatus'>, <class 'pyrogram.methods.decorators.on_inline_query.OnInlineQuery'>, <class 'pyrogram.methods.decorators.on_poll.OnPoll'>, <class 'pyrogram.methods.decorators.on_chosen_inline_result.OnChosenInlineResult'>, <class 'pyrogram.methods.decorators.on_chat_member_updated.OnChatMemberUpdated'>, <class 'pyrogram.methods.decorators.on_chat_join_request.OnChatJoinRequest'>, <class 'pyrogram.methods.utilities.Utilities'>, <class 'pyrogram.methods.utilities.add_handler.AddHandler'>, <class 'pyrogram.methods.utilities.export_session_string.ExportSessionString'>, <class 'pyrogram.methods.utilities.remove_handler.RemoveHandler'>, <class 'pyrogram.methods.utilities.restart.Restart'>, <class 'pyrogram.methods.utilities.run.Run'>, <class 'pyrogram.methods.utilities.start.Start'>, <class 'pyrogram.methods.utilities.stop.Stop'>, <class 'pyrogram.methods.utilities.stop_transmission.StopTransmission'>, <class 'pyrogram.methods.invite_links.InviteLinks'>, <class 'pyrogram.methods.invite_links.revoke_chat_invite_link.RevokeChatInviteLink'>, <class 'pyrogram.methods.invite_links.delete_chat_invite_link.DeleteChatInviteLink'>, <class 'pyrogram.methods.invite_links.edit_chat_invite_link.EditChatInviteLink'>, <class 'pyrogram.methods.invite_links.create_chat_invite_link.CreateChatInviteLink'>, <class 'pyrogram.methods.invite_links.get_chat_invite_link_joiners.GetChatInviteLinkJoiners'>, <class 'pyrogram.methods.invite_links.get_chat_invite_link_joiners_count.GetChatInviteLinkJoinersCount'>, <class 'pyrogram.methods.invite_links.get_chat_admin_invite_links.GetChatAdminInviteLinks'>, <class 'pyrogram.methods.invite_links.export_chat_invite_link.ExportChatInviteLink'>, <class 'pyrogram.methods.invite_links.delete_chat_admin_invite_links.DeleteChatAdminInviteLinks'>, <class 'pyrogram.methods.invite_links.get_chat_admin_invite_links_count.GetChatAdminInviteLinksCount'>, <class 'pyrogram.methods.invite_links.get_chat_admins_with_invite_links.GetChatAdminsWithInviteLinks'>, <class 'pyrogram.methods.invite_links.get_chat_invite_link.GetChatInviteLink'>, <class 'pyrogram.methods.invite_links.approve_chat_join_request.ApproveChatJoinRequest'>, <class 'pyrogram.methods.invite_links.decline_chat_join_request.DeclineChatJoinRequest'>, <class 'pyrogram.methods.invite_links.approve_all_chat_join_requests.ApproveAllChatJoinRequests'>, <class 'pyrogram.methods.invite_links.decline_all_chat_join_requests.DeclineAllChatJoinRequests'>, <class 'pyrogram.methods.invite_links.get_chat_join_requests.GetChatJoinRequests'>, <class 'object'>) 
2022-07-14 19:34:57,110 | INFO | telegram | Couldn't get all the previous messages from chat gruppo_test 
2022-07-14 19:34:57,111 | INFO | telegram | cannot encode object: <pyrogram.client.Client object at 0x00000234CAE41100>, of type: <class 'pyrogram.client.Client'> 
