2022-07-14 18:48:01,341 | INFO | telegram | FXL ROOM VIP Channel 
2022-07-14 18:48:01,342 | INFO | telegram | PriceError WarehouseDeals 
2022-07-14 18:48:01,342 | INFO | telegram | gruppo_test 
2022-07-14 18:48:01,342 | INFO | telegram | gruppo_test chat found. 
2022-07-14 18:48:02,684 | INFO | telegram | FXL ROOM VIP Channel 
2022-07-14 18:48:02,684 | INFO | telegram | PriceError WarehouseDeals 
2022-07-14 18:48:02,684 | INFO | telegram | gruppo_test 
2022-07-14 18:48:02,684 | INFO | telegram | channel_test_mio 
2022-07-14 18:48:02,684 | INFO | telegram | channel_test_mio chat found. 
2022-07-14 18:48:02,728 | INFO | telegram | Database connected 
2022-07-14 18:48:02,748 | INFO | telegram | Db name mongodb_pyrogram, collection names ['collezione_get'] 
2022-07-14 18:48:03,568 | INFO | telegram | Attempting to retrieve old previous messages from chat gruppo_test 
2022-07-14 18:48:03,969 | INFO | telegram | Value type: <class 'pyrogram.client.Client'> Value: <pyrogram.client.Client object at 0x00000173DFE510D0>, Key type: <class 'str'>, Key val _client 
2022-07-14 18:48:03,970 | INFO | telegram | Value type: <class 'int'> Value: 212, Key type: <class 'str'>, Key val id 
2022-07-14 18:48:03,970 | INFO | telegram | Value type: <class 'NoneType'> Value: None, Key type: <class 'str'>, Key val from_user 
2022-07-14 18:48:03,970 | INFO | telegram | Value type: <class 'pyrogram.types.user_and_chats.chat.Chat'> Value: {
    "_": "Chat",
    "id": -1001624457188,
    "type": "ChatType.CHANNEL",
    "is_verified": false,
    "is_restricted": false,
    "is_creator": true,
    "is_scam": false,
    "is_fake": false,
    "title": "gruppo_test",
    "has_protected_content": false
}, Key type: <class 'str'>, Key val sender_chat 
2022-07-14 18:48:03,970 | INFO | telegram | Value type: <class 'datetime.datetime'> Value: 2022-07-14 01:38:30, Key type: <class 'str'>, Key val date 
2022-07-14 18:48:03,970 | INFO | telegram | Value type: <class 'pyrogram.types.user_and_chats.chat.Chat'> Value: {
    "_": "Chat",
    "id": -1001624457188,
    "type": "ChatType.CHANNEL",
    "is_verified": false,
    "is_restricted": false,
    "is_creator": true,
    "is_scam": false,
    "is_fake": false,
    "title": "gruppo_test",
    "has_protected_content": false
}, Key type: <class 'str'>, Key val chat 
2022-07-14 18:48:03,970 | INFO | telegram | Value type: <class 'NoneType'> Value: None, Key type: <class 'str'>, Key val forward_from 
2022-07-14 18:48:03,970 | INFO | telegram | Value type: <class 'NoneType'> Value: None, Key type: <class 'str'>, Key val forward_sender_name 
2022-07-14 18:48:03,970 | INFO | telegram | Value type: <class 'NoneType'> Value: None, Key type: <class 'str'>, Key val forward_from_chat 
2022-07-14 18:48:03,970 | INFO | telegram | Value type: <class 'NoneType'> Value: None, Key type: <class 'str'>, Key val forward_from_message_id 
2022-07-14 18:48:03,970 | INFO | telegram | Value type: <class 'NoneType'> Value: None, Key type: <class 'str'>, Key val forward_signature 
2022-07-14 18:48:03,971 | INFO | telegram | Value type: <class 'NoneType'> Value: None, Key type: <class 'str'>, Key val forward_date 
2022-07-14 18:48:03,971 | INFO | telegram | Value type: <class 'NoneType'> Value: None, Key type: <class 'str'>, Key val reply_to_message_id 
2022-07-14 18:48:03,971 | INFO | telegram | Value type: <class 'NoneType'> Value: None, Key type: <class 'str'>, Key val reply_to_top_message_id 
2022-07-14 18:48:03,971 | INFO | telegram | Value type: <class 'NoneType'> Value: None, Key type: <class 'str'>, Key val reply_to_message 
2022-07-14 18:48:03,971 | INFO | telegram | Value type: <class 'bool'> Value: False, Key type: <class 'str'>, Key val mentioned 
2022-07-14 18:48:03,971 | INFO | telegram | Value type: <class 'NoneType'> Value: None, Key type: <class 'str'>, Key val empty 
2022-07-14 18:48:03,971 | INFO | telegram | Value type: <class 'NoneType'> Value: None, Key type: <class 'str'>, Key val service 
2022-07-14 18:48:03,971 | INFO | telegram | Value type: <class 'bool'> Value: False, Key type: <class 'str'>, Key val scheduled 
2022-07-14 18:48:03,971 | INFO | telegram | Value type: <class 'bool'> Value: False, Key type: <class 'str'>, Key val from_scheduled 
2022-07-14 18:48:03,971 | INFO | telegram | Value type: <enum 'MessageMediaType'> Value: MessageMediaType.STICKER, Key type: <class 'str'>, Key val media 
2022-07-14 18:48:03,971 | INFO | telegram | Value type: <class 'NoneType'> Value: None, Key type: <class 'str'>, Key val edit_date 
2022-07-14 18:48:03,971 | INFO | telegram | Value type: <class 'NoneType'> Value: None, Key type: <class 'str'>, Key val media_group_id 
2022-07-14 18:48:03,972 | INFO | telegram | Value type: <class 'NoneType'> Value: None, Key type: <class 'str'>, Key val author_signature 
2022-07-14 18:48:03,972 | INFO | telegram | Value type: <class 'bool'> Value: False, Key type: <class 'str'>, Key val has_protected_content 
2022-07-14 18:48:03,972 | INFO | telegram | Value type: <class 'NoneType'> Value: None, Key type: <class 'str'>, Key val text 
2022-07-14 18:48:03,976 | INFO | telegram | Value type: <class 'NoneType'> Value: None, Key type: <class 'str'>, Key val entities 
2022-07-14 18:48:03,976 | INFO | telegram | Value type: <class 'NoneType'> Value: None, Key type: <class 'str'>, Key val caption_entities 
2022-07-14 18:48:03,976 | INFO | telegram | Value type: <class 'NoneType'> Value: None, Key type: <class 'str'>, Key val audio 
2022-07-14 18:48:03,976 | INFO | telegram | Value type: <class 'NoneType'> Value: None, Key type: <class 'str'>, Key val document 
2022-07-14 18:48:03,976 | INFO | telegram | Value type: <class 'NoneType'> Value: None, Key type: <class 'str'>, Key val photo 
2022-07-14 18:48:03,976 | INFO | telegram | Value type: <class 'pyrogram.types.messages_and_media.sticker.Sticker'> Value: {
    "_": "Sticker",
    "file_id": "CAACAgIAAx0EYNM_5AAD1GLQSMMDte2cKa3bwpRsgZRQNzVUAALFAwACnNbnClsqgl__YWWaHgQ",
    "file_unique_id": "AgADxQMAApzW5wo",
    "file_name": "sticker.webp",
    "mime_type": "image/webp",
    "file_size": 64332,
    "date": "2018-12-11 13:19:58",
    "width": 512,
    "height": 512,
    "is_animated": false,
    "is_video": false,
    "emoji": "😂",
    "set_name": "MrSnoopDogg",
    "thumbs": [
        {
            "_": "Thumbnail",
            "file_id": "AAMCAgADHQRg0z_kAAPUYtBIwwO17ZwprdvClGyBlFA3NVQAAsUDAAKc1ucKWyqCX_9hZZoACAEAB20ABx4E",
            "file_unique_id": "AgADxQMAApzW5wo",
            "width": 128,
            "height": 128,
            "file_size": 7650
        }
    ]
}, Key type: <class 'str'>, Key val sticker 
2022-07-14 18:48:03,976 | INFO | telegram | Value type: <class 'NoneType'> Value: None, Key type: <class 'str'>, Key val animation 
2022-07-14 18:48:03,976 | INFO | telegram | Value type: <class 'NoneType'> Value: None, Key type: <class 'str'>, Key val game 
2022-07-14 18:48:03,976 | INFO | telegram | Value type: <class 'NoneType'> Value: None, Key type: <class 'str'>, Key val video 
2022-07-14 18:48:03,977 | INFO | telegram | Value type: <class 'NoneType'> Value: None, Key type: <class 'str'>, Key val voice 
2022-07-14 18:48:03,977 | INFO | telegram | Value type: <class 'NoneType'> Value: None, Key type: <class 'str'>, Key val video_note 
2022-07-14 18:48:03,977 | INFO | telegram | Value type: <class 'NoneType'> Value: None, Key type: <class 'str'>, Key val caption 
2022-07-14 18:48:03,977 | INFO | telegram | Value type: <class 'NoneType'> Value: None, Key type: <class 'str'>, Key val contact 
2022-07-14 18:48:03,977 | INFO | telegram | Value type: <class 'NoneType'> Value: None, Key type: <class 'str'>, Key val location 
2022-07-14 18:48:03,977 | INFO | telegram | Value type: <class 'NoneType'> Value: None, Key type: <class 'str'>, Key val venue 
2022-07-14 18:48:03,977 | INFO | telegram | Value type: <class 'NoneType'> Value: None, Key type: <class 'str'>, Key val web_page 
2022-07-14 18:48:03,977 | INFO | telegram | Value type: <class 'NoneType'> Value: None, Key type: <class 'str'>, Key val poll 
2022-07-14 18:48:03,977 | INFO | telegram | Value type: <class 'NoneType'> Value: None, Key type: <class 'str'>, Key val dice 
2022-07-14 18:48:03,977 | INFO | telegram | Value type: <class 'NoneType'> Value: None, Key type: <class 'str'>, Key val new_chat_members 
2022-07-14 18:48:03,977 | INFO | telegram | Value type: <class 'NoneType'> Value: None, Key type: <class 'str'>, Key val left_chat_member 
2022-07-14 18:48:03,977 | INFO | telegram | Value type: <class 'NoneType'> Value: None, Key type: <class 'str'>, Key val new_chat_title 
2022-07-14 18:48:03,977 | INFO | telegram | Value type: <class 'NoneType'> Value: None, Key type: <class 'str'>, Key val new_chat_photo 
2022-07-14 18:48:03,977 | INFO | telegram | Value type: <class 'NoneType'> Value: None, Key type: <class 'str'>, Key val delete_chat_photo 
2022-07-14 18:48:03,978 | INFO | telegram | Value type: <class 'NoneType'> Value: None, Key type: <class 'str'>, Key val group_chat_created 
2022-07-14 18:48:03,978 | INFO | telegram | Value type: <class 'NoneType'> Value: None, Key type: <class 'str'>, Key val supergroup_chat_created 
2022-07-14 18:48:03,980 | INFO | telegram | Value type: <class 'NoneType'> Value: None, Key type: <class 'str'>, Key val channel_chat_created 
2022-07-14 18:48:03,980 | INFO | telegram | Value type: <class 'NoneType'> Value: None, Key type: <class 'str'>, Key val migrate_to_chat_id 
2022-07-14 18:48:03,980 | INFO | telegram | Value type: <class 'NoneType'> Value: None, Key type: <class 'str'>, Key val migrate_from_chat_id 
2022-07-14 18:48:03,980 | INFO | telegram | Value type: <class 'NoneType'> Value: None, Key type: <class 'str'>, Key val pinned_message 
2022-07-14 18:48:03,980 | INFO | telegram | Value type: <class 'NoneType'> Value: None, Key type: <class 'str'>, Key val game_high_score 
2022-07-14 18:48:03,980 | INFO | telegram | Value type: <class 'int'> Value: 1, Key type: <class 'str'>, Key val views 
2022-07-14 18:48:03,980 | INFO | telegram | Value type: <class 'NoneType'> Value: None, Key type: <class 'str'>, Key val via_bot 
2022-07-14 18:48:03,980 | INFO | telegram | Value type: <class 'bool'> Value: True, Key type: <class 'str'>, Key val outgoing 
2022-07-14 18:48:03,980 | INFO | telegram | Value type: <class 'NoneType'> Value: None, Key type: <class 'str'>, Key val matches 
2022-07-14 18:48:03,980 | INFO | telegram | Value type: <class 'NoneType'> Value: None, Key type: <class 'str'>, Key val command 
2022-07-14 18:48:03,980 | INFO | telegram | Value type: <class 'NoneType'> Value: None, Key type: <class 'str'>, Key val reply_markup 
2022-07-14 18:48:03,981 | INFO | telegram | Value type: <class 'NoneType'> Value: None, Key type: <class 'str'>, Key val video_chat_scheduled 
2022-07-14 18:48:03,981 | INFO | telegram | Value type: <class 'NoneType'> Value: None, Key type: <class 'str'>, Key val video_chat_started 
2022-07-14 18:48:03,981 | INFO | telegram | Value type: <class 'NoneType'> Value: None, Key type: <class 'str'>, Key val video_chat_ended 
2022-07-14 18:48:03,981 | INFO | telegram | Value type: <class 'NoneType'> Value: None, Key type: <class 'str'>, Key val video_chat_members_invited 
2022-07-14 18:48:03,981 | INFO | telegram | Value type: <class 'NoneType'> Value: None, Key type: <class 'str'>, Key val web_app_data 
2022-07-14 18:48:03,981 | INFO | telegram | Value type: <class 'NoneType'> Value: None, Key type: <class 'str'>, Key val reactions 
2022-07-14 18:48:04,012 | INFO | telegram | Plugin modules to load: ['count', 'forward', 'get_symb_ignore', 'github', 'help', 'join', 'ping_speed', 'system_stats', 'whois', 'zipfile'] 
2022-07-14 18:48:04,012 | INFO | telegram | Utils modules no bot to load: ['utils_no'] 
