2022-07-14 18:45:39,142 | INFO | telegram | FXL ROOM VIP Channel 
2022-07-14 18:45:39,143 | INFO | telegram | PriceError WarehouseDeals 
2022-07-14 18:45:39,143 | INFO | telegram | gruppo_test 
2022-07-14 18:45:39,143 | INFO | telegram | gruppo_test chat found. 
2022-07-14 18:45:40,389 | INFO | telegram | FXL ROOM VIP Channel 
2022-07-14 18:45:40,389 | INFO | telegram | PriceError WarehouseDeals 
2022-07-14 18:45:40,389 | INFO | telegram | gruppo_test 
2022-07-14 18:45:40,389 | INFO | telegram | channel_test_mio 
2022-07-14 18:45:40,389 | INFO | telegram | channel_test_mio chat found. 
2022-07-14 18:45:40,422 | INFO | telegram | Database connected 
2022-07-14 18:45:40,457 | INFO | telegram | Db name mongodb_pyrogram, collection names ['collezione_get'] 
2022-07-14 18:45:41,138 | INFO | telegram | Attempting to retrieve old previous messages from chat gruppo_test 
2022-07-14 18:45:41,490 | INFO | telegram | {} 
2022-07-14 18:45:41,490 | INFO | telegram | {} 
2022-07-14 18:45:41,490 | INFO | telegram | {} 
2022-07-14 18:45:41,491 | INFO | telegram | {} 
2022-07-14 18:45:41,491 | INFO | telegram | {} 
2022-07-14 18:45:41,491 | INFO | telegram | {} 
2022-07-14 18:45:41,491 | INFO | telegram | {} 
2022-07-14 18:45:41,491 | INFO | telegram | {} 
2022-07-14 18:45:41,492 | INFO | telegram | {} 
2022-07-14 18:45:41,492 | INFO | telegram | {} 
2022-07-14 18:45:41,492 | INFO | telegram | {} 
2022-07-14 18:45:41,492 | INFO | telegram | {} 
2022-07-14 18:45:41,492 | INFO | telegram | {} 
2022-07-14 18:45:41,493 | INFO | telegram | {} 
2022-07-14 18:45:41,493 | INFO | telegram | {} 
2022-07-14 18:45:41,493 | INFO | telegram | {} 
2022-07-14 18:45:41,493 | INFO | telegram | {} 
2022-07-14 18:45:41,493 | INFO | telegram | {} 
2022-07-14 18:45:41,494 | INFO | telegram | {} 
2022-07-14 18:45:41,494 | INFO | telegram | {} 
2022-07-14 18:45:41,494 | INFO | telegram | {} 
2022-07-14 18:45:41,494 | INFO | telegram | {} 
2022-07-14 18:45:41,497 | INFO | telegram | {} 
2022-07-14 18:45:41,497 | INFO | telegram | {} 
2022-07-14 18:45:41,498 | INFO | telegram | {} 
2022-07-14 18:45:41,498 | INFO | telegram | {} 
2022-07-14 18:45:41,498 | INFO | telegram | {} 
2022-07-14 18:45:41,498 | INFO | telegram | {} 
2022-07-14 18:45:41,498 | INFO | telegram | {} 
2022-07-14 18:45:41,499 | INFO | telegram | {} 
2022-07-14 18:45:41,499 | INFO | telegram | {} 
2022-07-14 18:45:41,499 | INFO | telegram | {} 
2022-07-14 18:45:41,499 | INFO | telegram | {} 
2022-07-14 18:45:41,500 | INFO | telegram | {} 
2022-07-14 18:45:41,500 | INFO | telegram | {} 
2022-07-14 18:45:41,500 | INFO | telegram | {} 
2022-07-14 18:45:41,500 | INFO | telegram | {} 
2022-07-14 18:45:41,501 | INFO | telegram | {} 
2022-07-14 18:45:41,501 | INFO | telegram | {} 
2022-07-14 18:45:41,501 | INFO | telegram | {} 
2022-07-14 18:45:41,501 | INFO | telegram | {} 
2022-07-14 18:45:41,501 | INFO | telegram | {} 
2022-07-14 18:45:41,502 | INFO | telegram | {} 
2022-07-14 18:45:41,502 | INFO | telegram | {} 
2022-07-14 18:45:41,508 | INFO | telegram | {} 
2022-07-14 18:45:41,508 | INFO | telegram | {} 
2022-07-14 18:45:41,509 | INFO | telegram | {} 
2022-07-14 18:45:41,509 | INFO | telegram | {} 
2022-07-14 18:45:41,509 | INFO | telegram | {} 
2022-07-14 18:45:41,509 | INFO | telegram | {} 
2022-07-14 18:45:41,509 | INFO | telegram | {} 
2022-07-14 18:45:41,510 | INFO | telegram | {} 
2022-07-14 18:45:41,510 | INFO | telegram | {} 
2022-07-14 18:45:41,510 | INFO | telegram | {} 
2022-07-14 18:45:41,510 | INFO | telegram | {} 
2022-07-14 18:45:41,510 | INFO | telegram | {} 
2022-07-14 18:45:41,511 | INFO | telegram | {} 
2022-07-14 18:45:41,511 | INFO | telegram | {} 
2022-07-14 18:45:41,511 | INFO | telegram | {} 
2022-07-14 18:45:41,511 | INFO | telegram | {} 
2022-07-14 18:45:41,512 | INFO | telegram | {} 
2022-07-14 18:45:41,512 | INFO | telegram | {} 
2022-07-14 18:45:41,512 | INFO | telegram | {} 
2022-07-14 18:45:41,512 | INFO | telegram | {} 
2022-07-14 18:45:41,512 | INFO | telegram | {} 
2022-07-14 18:45:41,513 | INFO | telegram | {} 
2022-07-14 18:45:41,513 | INFO | telegram | {} 
2022-07-14 18:45:41,514 | INFO | telegram | {} 
2022-07-14 18:45:41,514 | INFO | telegram | {} 
2022-07-14 18:45:41,514 | INFO | telegram | {} 
2022-07-14 18:45:41,515 | INFO | telegram | {} 
2022-07-14 18:45:41,515 | INFO | telegram | {} 
2022-07-14 18:45:41,515 | INFO | telegram | {} 
2022-07-14 18:45:41,515 | INFO | telegram | {} 
2022-07-14 18:45:41,516 | INFO | telegram | {} 
2022-07-14 18:45:41,516 | INFO | telegram | {} 
2022-07-14 18:45:41,516 | INFO | telegram | {} 
2022-07-14 18:45:41,517 | INFO | telegram | {} 
2022-07-14 18:45:41,517 | INFO | telegram | {} 
2022-07-14 18:45:41,517 | INFO | telegram | {} 
2022-07-14 18:45:41,517 | INFO | telegram | {} 
2022-07-14 18:45:41,517 | INFO | telegram | {} 
2022-07-14 18:45:41,518 | INFO | telegram | {} 
2022-07-14 18:45:41,518 | INFO | telegram | {} 
2022-07-14 18:45:41,518 | INFO | telegram | {} 
2022-07-14 18:45:41,519 | INFO | telegram | {} 
2022-07-14 18:45:41,519 | INFO | telegram | {} 
2022-07-14 18:45:41,519 | INFO | telegram | {} 
2022-07-14 18:45:41,519 | INFO | telegram | {} 
2022-07-14 18:45:41,519 | INFO | telegram | {} 
2022-07-14 18:45:41,520 | INFO | telegram | {} 
2022-07-14 18:45:41,520 | INFO | telegram | {} 
2022-07-14 18:45:41,520 | INFO | telegram | {} 
2022-07-14 18:45:41,520 | INFO | telegram | {} 
2022-07-14 18:45:41,520 | INFO | telegram | {} 
2022-07-14 18:45:41,521 | INFO | telegram | {} 
2022-07-14 18:45:41,521 | INFO | telegram | {} 
2022-07-14 18:45:41,521 | INFO | telegram | {} 
2022-07-14 18:45:41,521 | INFO | telegram | {} 
2022-07-14 18:45:41,522 | INFO | telegram | {} 
2022-07-14 18:45:41,621 | INFO | telegram | {} 
2022-07-14 18:45:41,621 | INFO | telegram | {} 
2022-07-14 18:45:41,622 | INFO | telegram | {} 
2022-07-14 18:45:41,622 | INFO | telegram | {} 
2022-07-14 18:45:41,622 | INFO | telegram | {} 
2022-07-14 18:45:41,622 | INFO | telegram | {} 
2022-07-14 18:45:41,622 | INFO | telegram | {} 
2022-07-14 18:45:41,623 | INFO | telegram | {} 
2022-07-14 18:45:41,623 | INFO | telegram | {} 
2022-07-14 18:45:41,623 | INFO | telegram | {} 
2022-07-14 18:45:41,623 | INFO | telegram | {} 
2022-07-14 18:45:41,624 | INFO | telegram | {} 
2022-07-14 18:45:41,624 | INFO | telegram | {} 
2022-07-14 18:45:41,624 | INFO | telegram | {} 
2022-07-14 18:45:41,624 | INFO | telegram | {} 
2022-07-14 18:45:41,625 | INFO | telegram | {} 
2022-07-14 18:45:41,625 | INFO | telegram | {} 
2022-07-14 18:45:41,625 | INFO | telegram | {} 
2022-07-14 18:45:41,625 | INFO | telegram | {} 
2022-07-14 18:45:41,626 | INFO | telegram | {} 
2022-07-14 18:45:41,626 | INFO | telegram | {} 
2022-07-14 18:45:41,626 | INFO | telegram | {} 
2022-07-14 18:45:41,626 | INFO | telegram | {} 
2022-07-14 18:45:41,626 | INFO | telegram | {} 
2022-07-14 18:45:41,627 | INFO | telegram | {} 
2022-07-14 18:45:41,627 | INFO | telegram | {} 
2022-07-14 18:45:41,627 | INFO | telegram | {} 
2022-07-14 18:45:41,627 | INFO | telegram | {} 
2022-07-14 18:45:41,628 | INFO | telegram | {} 
2022-07-14 18:45:41,628 | INFO | telegram | {} 
2022-07-14 18:45:41,746 | INFO | telegram | Plugin modules to load: ['count', 'forward', 'get_symb_ignore', 'github', 'help', 'join', 'ping_speed', 'system_stats', 'whois', 'zipfile'] 
2022-07-14 18:45:41,748 | INFO | telegram | Utils modules no bot to load: ['utils_no'] 
