2022-07-10 20:00:59,872 | INFO | telegram | gruppo_test chat found. 
2022-07-10 20:01:00,667 | INFO | telegram | channel_test_mio chat found. 
2022-07-10 20:01:00,679 | INFO | telegram | Database connected 
2022-07-10 20:01:00,701 | INFO | telegram | Db name mongodb_db_msg, collection names ['collezione_get'] 
2022-07-10 20:01:00,883 | INFO | telegram | Attempting to retrieve old previous messages from chat gruppo_test 
2022-07-10 20:01:01,155 | INFO | telegram | Plugin modules to load: ['count', 'forward', 'get_symb_ignore', 'github', 'help', 'join', 'ping_speed', 'system_stats', 'whois', 'zipfile'] 
2022-07-10 20:01:01,156 | INFO | telegram | Utils modules no bot to load: ['utils_no'] 
2022-07-10 20:01:01,312 | INFO | telegram | FOUND FILE TO RETRIEVE SYMBOLS FROM C:\Users\boxxo\PycharmProjects\forward_bot\ForwardBot\assets_to_ignore.txt 
2022-07-10 20:01:01,312 | INFO | telegram | {'glossary': {'PATTERN1': {'prefix': 'NUOVA IDEA DI TRADING 📈 \n\n', 'suffix': '\n\n⚠️ Questo messaggio non costituisce un consiglio di investimento ed è esclusivamente a scopo didattico ⚠️️\n'}, 'PATTERN2': {'prefix': '', 'suffix': ''}, 'PATTERN3': {'prefix': '', 'suffix': ''}, 'PATTERN4': {'prefix': '', 'suffix': ''}, 'PATTERN5': {'prefix': '', 'suffix': ''}, 'PATTERN6': {'prefix': '', 'suffix': ''}, 'PATTERN7': {'prefix': '', 'suffix': ''}, 'PATTERN8': {'prefix': '', 'suffix': ''}}} 
2022-07-10 20:01:01,314 | INFO | telegram | Successfully loaded 9 symbols to discard: ['EURJPY', 'USDJPY', 'GBPJPY', 'AUDJPY', 'CHFJPY', 'CADJPY', 'NZDJPY', 'USDMXN', 'GOLD'] 
2022-07-10 20:01:01,315 | INFO | telegram | FOUND FILE TO RETRIEVE BLACKLIST FROM C:\Users\boxxo\PycharmProjects\forward_bot\ForwardBot\blacklist.txt 
2022-07-10 20:01:01,315 | INFO | telegram | Successfully loaded 1 words to discard: ['SCALPING'] 
2022-07-10 20:01:01,391 | INFO | telegram | Attempting to run bot 
2022-07-10 20:01:11,585 | ERROR | telegram | --------BEGIN USERBOT TRACEBACK LOG--------

Date: 2022-07-10 18:01:11
Chat ID: -1001624457188
Sender ID: -1001624457188

Event Trigger:
.count

Traceback info:
Traceback (most recent call last):
  File "C:\Users\boxxo\PycharmProjects\forward_bot\ForwardBot\events.py", line 41, in wrapper
    await func(check)
  File "C:\Users\boxxo\PycharmProjects\forward_bot\ForwardBot\plugins\count.py", line 11, in handler
    cursor = await collezione_fw.find({})
TypeError: object AsyncIOMotorCursor can't be used in 'await' expression


Error text:
object AsyncIOMotorCursor can't be used in 'await' expression

--------END USERBOT TRACEBACK LOG-------- 
