2022-07-10 20:01:29,669 | INFO | telegram | gruppo_test chat found. 
2022-07-10 20:01:30,629 | INFO | telegram | channel_test_mio chat found. 
2022-07-10 20:01:30,639 | INFO | telegram | Database connected 
2022-07-10 20:01:30,672 | INFO | telegram | Db name mongodb_db_msg, collection names ['collezione_get'] 
2022-07-10 20:01:30,849 | INFO | telegram | Attempting to retrieve old previous messages from chat gruppo_test 
2022-07-10 20:01:31,030 | INFO | telegram | Plugin modules to load: ['count', 'forward', 'get_symb_ignore', 'github', 'help', 'join', 'ping_speed', 'system_stats', 'whois', 'zipfile'] 
2022-07-10 20:01:31,031 | INFO | telegram | Utils modules no bot to load: ['utils_no'] 
2022-07-10 20:01:31,231 | INFO | telegram | FOUND FILE TO RETRIEVE SYMBOLS FROM C:\Users\boxxo\PycharmProjects\forward_bot\ForwardBot\assets_to_ignore.txt 
2022-07-10 20:01:31,232 | INFO | telegram | {'glossary': {'PATTERN1': {'prefix': 'NUOVA IDEA DI TRADING 📈 \n\n', 'suffix': '\n\n⚠️ Questo messaggio non costituisce un consiglio di investimento ed è esclusivamente a scopo didattico ⚠️️\n'}, 'PATTERN2': {'prefix': '', 'suffix': ''}, 'PATTERN3': {'prefix': '', 'suffix': ''}, 'PATTERN4': {'prefix': '', 'suffix': ''}, 'PATTERN5': {'prefix': '', 'suffix': ''}, 'PATTERN6': {'prefix': '', 'suffix': ''}, 'PATTERN7': {'prefix': '', 'suffix': ''}, 'PATTERN8': {'prefix': '', 'suffix': ''}}} 
2022-07-10 20:01:31,237 | INFO | telegram | Successfully loaded 9 symbols to discard: ['EURJPY', 'USDJPY', 'GBPJPY', 'AUDJPY', 'CHFJPY', 'CADJPY', 'NZDJPY', 'USDMXN', 'GOLD'] 
2022-07-10 20:01:31,237 | INFO | telegram | FOUND FILE TO RETRIEVE BLACKLIST FROM C:\Users\boxxo\PycharmProjects\forward_bot\ForwardBot\blacklist.txt 
2022-07-10 20:01:31,238 | INFO | telegram | Successfully loaded 1 words to discard: ['SCALPING'] 
2022-07-10 20:01:31,390 | INFO | telegram | Attempting to run bot 
2022-07-10 20:01:33,984 | ERROR | telegram | --------BEGIN USERBOT TRACEBACK LOG--------

Date: 2022-07-10 18:01:33
Chat ID: -1001624457188
Sender ID: -1001624457188

Event Trigger:
.count

Traceback info:
Traceback (most recent call last):
  File "C:\Users\boxxo\PycharmProjects\forward_bot\ForwardBot\events.py", line 41, in wrapper
    await func(check)
  File "C:\Users\boxxo\PycharmProjects\forward_bot\ForwardBot\plugins\count.py", line 12, in handler
    for document in cursor:
TypeError: 'AsyncIOMotorCursor' object is not iterable


Error text:
'AsyncIOMotorCursor' object is not iterable

--------END USERBOT TRACEBACK LOG-------- 
